Determining if the pthread_create exist failed with the following output:
Change Dir: /home/zy/Desktop/smartcar-dev_sunm/src/msgs/smartcar_msgs/build/CMakeFiles/CMakeTmp

Run Build Command:"/usr/bin/make" "cmTC_91ed2/fast"
/usr/bin/make -f CMakeFiles/cmTC_91ed2.dir/build.make CMakeFiles/cmTC_91ed2.dir/build
make[1]: Entering directory '/home/zy/Desktop/smartcar-dev_sunm/src/msgs/smartcar_msgs/build/CMakeFiles/CMakeTmp'
Building C object CMakeFiles/cmTC_91ed2.dir/CheckSymbolExists.c.o
/usr/bin/cc     -o CMakeFiles/cmTC_91ed2.dir/CheckSymbolExists.c.o   -c /home/zy/Desktop/smartcar-dev_sunm/src/msgs/smartcar_msgs/build/CMakeFiles/CMakeTmp/CheckSymbolExists.c
Linking C executable cmTC_91ed2
/usr/bin/cmake -E cmake_link_script CMakeFiles/cmTC_91ed2.dir/link.txt --verbose=1
/usr/bin/cc       CMakeFiles/cmTC_91ed2.dir/CheckSymbolExists.c.o  -o cmTC_91ed2 -rdynamic 
CMakeFiles/cmTC_91ed2.dir/CheckSymbolExists.c.o: In function `main':
CheckSymbolExists.c:(.text+0x16): undefined reference to `pthread_create'
collect2: error: ld returned 1 exit status
CMakeFiles/cmTC_91ed2.dir/build.make:97: recipe for target 'cmTC_91ed2' failed
make[1]: *** [cmTC_91ed2] Error 1
make[1]: Leaving directory '/home/zy/Desktop/smartcar-dev_sunm/src/msgs/smartcar_msgs/build/CMakeFiles/CMakeTmp'
Makefile:126: recipe for target 'cmTC_91ed2/fast' failed
make: *** [cmTC_91ed2/fast] Error 2

File /home/zy/Desktop/smartcar-dev_sunm/src/msgs/smartcar_msgs/build/CMakeFiles/CMakeTmp/CheckSymbolExists.c:
/* */
#include <pthread.h>

int main(int argc, char** argv)
{
  (void)argv;
#ifndef pthread_create
  return ((int*)(&pthread_create))[argc];
#else
  (void)argc;
  return 0;
#endif
}

Determining if the function pthread_create exists in the pthreads failed with the following output:
Change Dir: /home/zy/Desktop/smartcar-dev_sunm/src/msgs/smartcar_msgs/build/CMakeFiles/CMakeTmp

Run Build Command:"/usr/bin/make" "cmTC_79f7a/fast"
/usr/bin/make -f CMakeFiles/cmTC_79f7a.dir/build.make CMakeFiles/cmTC_79f7a.dir/build
make[1]: Entering directory '/home/zy/Desktop/smartcar-dev_sunm/src/msgs/smartcar_msgs/build/CMakeFiles/CMakeTmp'
Building C object CMakeFiles/cmTC_79f7a.dir/CheckFunctionExists.c.o
/usr/bin/cc    -DCHECK_FUNCTION_EXISTS=pthread_create   -o CMakeFiles/cmTC_79f7a.dir/CheckFunctionExists.c.o   -c /usr/share/cmake-3.5/Modules/CheckFunctionExists.c
Linking C executable cmTC_79f7a
/usr/bin/cmake -E cmake_link_script CMakeFiles/cmTC_79f7a.dir/link.txt --verbose=1
/usr/bin/cc   -DCHECK_FUNCTION_EXISTS=pthread_create    CMakeFiles/cmTC_79f7a.dir/CheckFunctionExists.c.o  -o cmTC_79f7a -rdynamic -lpthreads 
/usr/bin/ld: cannot find -lpthreads
collect2: error: ld returned 1 exit status
CMakeFiles/cmTC_79f7a.dir/build.make:97: recipe for target 'cmTC_79f7a' failed
make[1]: *** [cmTC_79f7a] Error 1
make[1]: Leaving directory '/home/zy/Desktop/smartcar-dev_sunm/src/msgs/smartcar_msgs/build/CMakeFiles/CMakeTmp'
Makefile:126: recipe for target 'cmTC_79f7a/fast' failed
make: *** [cmTC_79f7a/fast] Error 2


